0 info it worked if it ends with ok
1 verbose cli [ 'node',
1 verbose cli   '/usr/local/bin/npm',
1 verbose cli   'install',
1 verbose cli   '--global',
1 verbose cli   'generator-gulp-webapp' ]
2 info using npm@1.4.28
3 info using node@v0.10.33
4 verbose cache add [ 'generator-gulp-webapp', null ]
5 verbose cache add name=undefined spec="generator-gulp-webapp" args=["generator-gulp-webapp",null]
6 verbose parsed url { protocol: null,
6 verbose parsed url   slashes: null,
6 verbose parsed url   auth: null,
6 verbose parsed url   host: null,
6 verbose parsed url   port: null,
6 verbose parsed url   hostname: null,
6 verbose parsed url   hash: null,
6 verbose parsed url   search: null,
6 verbose parsed url   query: null,
6 verbose parsed url   pathname: 'generator-gulp-webapp',
6 verbose parsed url   path: 'generator-gulp-webapp',
6 verbose parsed url   href: 'generator-gulp-webapp' }
7 silly lockFile 41f84260-generator-gulp-webapp generator-gulp-webapp
8 verbose lock generator-gulp-webapp /Users/andreykeske/.npm/41f84260-generator-gulp-webapp.lock
9 silly lockFile 41f84260-generator-gulp-webapp generator-gulp-webapp
10 silly lockFile 41f84260-generator-gulp-webapp generator-gulp-webapp
11 verbose addNamed [ 'generator-gulp-webapp', '' ]
12 verbose addNamed [ null, '*' ]
13 silly lockFile 634d1dc1-generator-gulp-webapp generator-gulp-webapp@
14 verbose lock generator-gulp-webapp@ /Users/andreykeske/.npm/634d1dc1-generator-gulp-webapp.lock
15 silly addNameRange { name: 'generator-gulp-webapp', range: '*', hasData: false }
16 verbose request where is /generator-gulp-webapp
17 verbose request registry https://registry.npmjs.org/
18 verbose request id 0b43189b63fb15ff
19 verbose url raw /generator-gulp-webapp
20 verbose url resolving [ 'https://registry.npmjs.org/', './generator-gulp-webapp' ]
21 verbose url resolved https://registry.npmjs.org/generator-gulp-webapp
22 verbose request where is https://registry.npmjs.org/generator-gulp-webapp
23 info trying registry request attempt 1 at 20:30:24
24 verbose etag "4Q43M43UCMOMTSRDFHID0KRIG"
25 http GET https://registry.npmjs.org/generator-gulp-webapp
26 http 304 https://registry.npmjs.org/generator-gulp-webapp
27 silly registry.get cb [ 304,
27 silly registry.get   { date: 'Sat, 28 Mar 2015 17:30:27 GMT',
27 silly registry.get     server: 'Apache',
27 silly registry.get     via: '1.1 varnish',
27 silly registry.get     'last-modified': 'Sat, 28 Mar 2015 17:30:27 GMT',
27 silly registry.get     'cache-control': 'max-age=60',
27 silly registry.get     etag: '"4Q43M43UCMOMTSRDFHID0KRIG"',
27 silly registry.get     age: '0',
27 silly registry.get     'x-served-by': 'cache-lax1420-LAX',
27 silly registry.get     'x-cache': 'MISS',
27 silly registry.get     'x-cache-hits': '0',
27 silly registry.get     'x-timer': 'S1427563827.175603,VS0,VE354',
27 silly registry.get     vary: 'Accept',
27 silly registry.get     'content-length': '0',
27 silly registry.get     'keep-alive': 'timeout=10, max=50',
27 silly registry.get     connection: 'Keep-Alive' } ]
28 verbose etag https://registry.npmjs.org/generator-gulp-webapp from cache
29 silly addNameRange number 2 { name: 'generator-gulp-webapp', range: '*', hasData: true }
30 silly addNameRange versions [ 'generator-gulp-webapp',
30 silly addNameRange   [ '0.0.1',
30 silly addNameRange     '0.0.3',
30 silly addNameRange     '0.0.4',
30 silly addNameRange     '0.0.5',
30 silly addNameRange     '0.0.6',
30 silly addNameRange     '0.0.7',
30 silly addNameRange     '0.0.8',
30 silly addNameRange     '0.1.0',
30 silly addNameRange     '0.2.0',
30 silly addNameRange     '0.3.0' ] ]
31 verbose addNamed [ 'generator-gulp-webapp', '0.3.0' ]
32 verbose addNamed [ '0.3.0', '0.3.0' ]
33 silly lockFile 5e7c677b-generator-gulp-webapp-0-3-0 generator-gulp-webapp@0.3.0
34 verbose lock generator-gulp-webapp@0.3.0 /Users/andreykeske/.npm/5e7c677b-generator-gulp-webapp-0-3-0.lock
35 silly lockFile 0d29ea1b--generator-gulp-webapp-0-3-0-tgz https://registry.npmjs.org/generator-gulp-webapp/-/generator-gulp-webapp-0.3.0.tgz
36 verbose lock https://registry.npmjs.org/generator-gulp-webapp/-/generator-gulp-webapp-0.3.0.tgz /Users/andreykeske/.npm/0d29ea1b--generator-gulp-webapp-0-3-0-tgz.lock
37 verbose addRemoteTarball [ 'https://registry.npmjs.org/generator-gulp-webapp/-/generator-gulp-webapp-0.3.0.tgz',
37 verbose addRemoteTarball   '55f491c9c8ba92532d035b3dd7cb9ea8455d19ca' ]
38 info retry fetch attempt 1 at 20:30:25
39 verbose fetch to= /var/folders/nl/dp2klsh16gg5cg6csq9tddrh0000gn/T/npm-5485-Ptx3LZl7/registry.npmjs.org/generator-gulp-webapp/-/generator-gulp-webapp-0.3.0.tgz
40 http GET https://registry.npmjs.org/generator-gulp-webapp/-/generator-gulp-webapp-0.3.0.tgz
41 http 200 https://registry.npmjs.org/generator-gulp-webapp/-/generator-gulp-webapp-0.3.0.tgz
42 silly lockFile 0d29ea1b--generator-gulp-webapp-0-3-0-tgz https://registry.npmjs.org/generator-gulp-webapp/-/generator-gulp-webapp-0.3.0.tgz
43 silly lockFile 0d29ea1b--generator-gulp-webapp-0-3-0-tgz https://registry.npmjs.org/generator-gulp-webapp/-/generator-gulp-webapp-0.3.0.tgz
44 silly lockFile 5e7c677b-generator-gulp-webapp-0-3-0 generator-gulp-webapp@0.3.0
45 silly lockFile 5e7c677b-generator-gulp-webapp-0-3-0 generator-gulp-webapp@0.3.0
46 silly lockFile 634d1dc1-generator-gulp-webapp generator-gulp-webapp@
47 silly lockFile 634d1dc1-generator-gulp-webapp generator-gulp-webapp@
48 error Error: EACCES, mkdir '/Users/andreykeske/.npm/generator-gulp-webapp/0.3.0'
48 error  { [Error: EACCES, mkdir '/Users/andreykeske/.npm/generator-gulp-webapp/0.3.0']
48 error   errno: 3,
48 error   code: 'EACCES',
48 error   path: '/Users/andreykeske/.npm/generator-gulp-webapp/0.3.0' }
49 error Please try running this command again as root/Administrator.
50 error System Darwin 14.1.0
51 error command "node" "/usr/local/bin/npm" "install" "--global" "generator-gulp-webapp"
52 error cwd /Users/andreykeske/Documents/Code/Components/Gauge
53 error node -v v0.10.33
54 error npm -v 1.4.28
55 error path /Users/andreykeske/.npm/generator-gulp-webapp/0.3.0
56 error code EACCES
57 error errno 3
58 error stack Error: EACCES, mkdir '/Users/andreykeske/.npm/generator-gulp-webapp/0.3.0'
59 verbose exit [ 3, true ]
